<?xml version="1.0" encoding="UTF-8"?>
<!-- Generated by org.testng.reporters.JUnitReportReporter -->
<testsuite hostname="Resh" failures="0" tests="3" name="DevOpsAssignment.Dev" time="115.143" errors="0" timestamp="2024-10-06T11:51:17 IST" skipped="0">
  <testcase classname="DevOpsAssignment.Dev" name="Amazon" time="57.702"/>
  <testcase classname="DevOpsAssignment.Dev" name="Amazon" time="23.428"/>
  <testcase classname="DevOpsAssignment.Dev" name="Amazon" time="34.013"/>
</testsuite> <!-- DevOpsAssignment.Dev -->
