<?xml version="1.0" encoding="UTF-8"?>
<!-- Generated by org.testng.reporters.JUnitReportReporter -->
<testsuite hostname="Resh" failures="0" tests="3" name="DevOpsAssignment.Dev" time="402.846" errors="0" timestamp="2024-10-06T13:19:08 IST" skipped="0">
  <testcase classname="DevOpsAssignment.Dev" name="Amazon" time="107.497"/>
  <testcase classname="DevOpsAssignment.Dev" name="Amazon" time="92.256"/>
  <testcase classname="DevOpsAssignment.Dev" name="Amazon" time="203.093"/>
</testsuite> <!-- DevOpsAssignment.Dev -->
